# JRE version: Java(TM) SE Runtime Environment (17.0.18+8) (build 17.0.18+8-LTS-264)
# Java VM: Java HotSpot(TM) 64-Bit Server VM (17.0.18+8-LTS-264, mixed mode, sharing, tiered, compressed oops, compressed class ptrs, g1 gc, windows-amd64)
GC Precious Log:
 CPUs: 16 total, 16 available
 Memory: 32674M
 Large Page Support: Disabled
 NUMA Support: Disabled
 Compressed Oops: Enabled (32-bit)
 Heap Region Size: 1M
 Heap Min Capacity: 8M
 Heap Initial Capacity: 512M
 Heap Max Capacity: 1G
 Pre-touch: Disabled
 Parallel Workers: 13
 Concurrent Workers: 3
 Concurrent Refinement Workers: 13
 Periodic GC: Disabled
Heap:
 garbage-first heap   total 385024K, used 205278K [0x00000000c0000000, 0x0000000100000000)
  region size 1024K, 109 young (111616K), 1 survivors (1024K)
 Metaspace       used 10239K, committed 10432K, reserved 1114112K
  class space    used 1506K, committed 1600K, reserved 1048576K
GC Heap History (20 events):
Event: 41.181 GC heap before
{Heap before GC invocations=76 (full 1):
 garbage-first heap   total 385024K, used 325086K [0x00000000c0000000, 0x0000000100000000)
  region size 1024K, 225 young (230400K), 1 survivors (1024K)
 Metaspace       used 10239K, committed 10432K, reserved 1114112K
  class space    used 1506K, committed 1600K, reserved 1048576K
}
Event: 41.181 GC heap after
{Heap after GC invocations=77 (full 1):
 garbage-first heap   total 385024K, used 95724K [0x00000000c0000000, 0x0000000100000000)
  region size 1024K, 1 young (1024K), 1 survivors (1024K)
 Metaspace       used 10239K, committed 10432K, reserved 1114112K
  class space    used 1506K, committed 1600K, reserved 1048576K
}
Event: 41.404 GC heap before
{Heap before GC invocations=77 (full 1):
 garbage-first heap   total 385024K, used 325100K [0x00000000c0000000, 0x0000000100000000)
  region size 1024K, 225 young (230400K), 1 survivors (1024K)
 Metaspace       used 10239K, committed 10432K, reserved 1114112K
  class space    used 1506K, committed 1600K, reserved 1048576K
}
Event: 41.404 GC heap after
{Heap after GC invocations=78 (full 1):
 garbage-first heap   total 385024K, used 95718K [0x00000000c0000000, 0x0000000100000000)
  region size 1024K, 1 young (1024K), 1 survivors (1024K)
 Metaspace       used 10239K, committed 10432K, reserved 1114112K
  class space    used 1506K, committed 1600K, reserved 1048576K
}
Event: 41.630 GC heap before
{Heap before GC invocations=78 (full 1):
 garbage-first heap   total 385024K, used 325094K [0x00000000c0000000, 0x0000000100000000)
  region size 1024K, 225 young (230400K), 1 survivors (1024K)
 Metaspace       used 10239K, committed 10432K, reserved 1114112K
  class space    used 1506K, committed 1600K, reserved 1048576K
}
Event: 41.630 GC heap after
{Heap after GC invocations=79 (full 1):
 garbage-first heap   total 385024K, used 95714K [0x00000000c0000000, 0x0000000100000000)
  region size 1024K, 1 young (1024K), 1 survivors (1024K)
 Metaspace       used 10239K, committed 10432K, reserved 1114112K
  class space    used 1506K, committed 1600K, reserved 1048576K
}
Event: 41.846 GC heap before
{Heap before GC invocations=79 (full 1):
 garbage-first heap   total 385024K, used 325090K [0x00000000c0000000, 0x0000000100000000)
  region size 1024K, 225 young (230400K), 1 survivors (1024K)
 Metaspace       used 10239K, committed 10432K, reserved 1114112K
  class space    used 1506K, committed 1600K, reserved 1048576K
}
Event: 41.847 GC heap after
{Heap after GC invocations=80 (full 1):
 garbage-first heap   total 385024K, used 95720K [0x00000000c0000000, 0x0000000100000000)
  region size 1024K, 1 young (1024K), 1 survivors (1024K)
 Metaspace       used 10239K, committed 10432K, reserved 1114112K
  class space    used 1506K, committed 1600K, reserved 1048576K
}
Event: 42.065 GC heap before
{Heap before GC invocations=80 (full 1):
 garbage-first heap   total 385024K, used 325096K [0x00000000c0000000, 0x0000000100000000)
  region size 1024K, 225 young (230400K), 1 survivors (1024K)
 Metaspace       used 10239K, committed 10432K, reserved 1114112K
  class space    used 1506K, committed 1600K, reserved 1048576K
}
Event: 42.065 GC heap after
{Heap after GC invocations=81 (full 1):
 garbage-first heap   total 385024K, used 95710K [0x00000000c0000000, 0x0000000100000000)
  region size 1024K, 1 young (1024K), 1 survivors (1024K)
 Metaspace       used 10239K, committed 10432K, reserved 1114112K
  class space    used 1506K, committed 1600K, reserved 1048576K
}
Event: 42.311 GC heap before
{Heap before GC invocations=81 (full 1):
 garbage-first heap   total 385024K, used 325086K [0x00000000c0000000, 0x0000000100000000)
  region size 1024K, 225 young (230400K), 1 survivors (1024K)
 Metaspace       used 10239K, committed 10432K, reserved 1114112K
  class space    used 1506K, committed 1600K, reserved 1048576K
}
Event: 42.312 GC heap after
{Heap after GC invocations=82 (full 1):
 garbage-first heap   total 385024K, used 95708K [0x00000000c0000000, 0x0000000100000000)
  region size 1024K, 1 young (1024K), 1 survivors (1024K)
 Metaspace       used 10239K, committed 10432K, reserved 1114112K
  class space    used 1506K, committed 1600K, reserved 1048576K
}
Event: 42.559 GC heap before
{Heap before GC invocations=82 (full 1):
 garbage-first heap   total 385024K, used 325084K [0x00000000c0000000, 0x0000000100000000)
  region size 1024K, 225 young (230400K), 1 survivors (1024K)
 Metaspace       used 10239K, committed 10432K, reserved 1114112K
  class space    used 1506K, committed 1600K, reserved 1048576K
}
Event: 42.560 GC heap after
{Heap after GC invocations=83 (full 1):
 garbage-first heap   total 385024K, used 95704K [0x00000000c0000000, 0x0000000100000000)
  region size 1024K, 1 young (1024K), 1 survivors (1024K)
 Metaspace       used 10239K, committed 10432K, reserved 1114112K
  class space    used 1506K, committed 1600K, reserved 1048576K
}
Event: 42.787 GC heap before
{Heap before GC invocations=83 (full 1):
 garbage-first heap   total 385024K, used 325080K [0x00000000c0000000, 0x0000000100000000)
  region size 1024K, 225 young (230400K), 1 survivors (1024K)
 Metaspace       used 10239K, committed 10432K, reserved 1114112K
  class space    used 1506K, committed 1600K, reserved 1048576K
}
Event: 42.787 GC heap after
{Heap after GC invocations=84 (full 1):
 garbage-first heap   total 385024K, used 95706K [0x00000000c0000000, 0x0000000100000000)
  region size 1024K, 1 young (1024K), 1 survivors (1024K)
 Metaspace       used 10239K, committed 10432K, reserved 1114112K
  class space    used 1506K, committed 1600K, reserved 1048576K
}
Event: 43.021 GC heap before
{Heap before GC invocations=84 (full 1):
 garbage-first heap   total 385024K, used 325082K [0x00000000c0000000, 0x0000000100000000)
  region size 1024K, 225 young (230400K), 1 survivors (1024K)
 Metaspace       used 10239K, committed 10432K, reserved 1114112K
  class space    used 1506K, committed 1600K, reserved 1048576K
}
Event: 43.021 GC heap after
{Heap after GC invocations=85 (full 1):
 garbage-first heap   total 385024K, used 95704K [0x00000000c0000000, 0x0000000100000000)
  region size 1024K, 1 young (1024K), 1 survivors (1024K)
 Metaspace       used 10239K, committed 10432K, reserved 1114112K
  class space    used 1506K, committed 1600K, reserved 1048576K
}
Event: 43.253 GC heap before
{Heap before GC invocations=85 (full 1):
 garbage-first heap   total 385024K, used 325080K [0x00000000c0000000, 0x0000000100000000)
  region size 1024K, 225 young (230400K), 1 survivors (1024K)
 Metaspace       used 10239K, committed 10432K, reserved 1114112K
  class space    used 1506K, committed 1600K, reserved 1048576K
}
Event: 43.253 GC heap after
{Heap after GC invocations=86 (full 1):
 garbage-first heap   total 385024K, used 95710K [0x00000000c0000000, 0x0000000100000000)
  region size 1024K, 1 young (1024K), 1 survivors (1024K)
 Metaspace       used 10239K, committed 10432K, reserved 1114112K
  class space    used 1506K, committed 1600K, reserved 1048576K
}

